  main.cpp
  GLM: rotate function taking degrees as a parameter is deprecated. #define GLM_FORCE_RADIANS before including GLM headers to remove this message.
  GLM: rotate_slow function taking degrees as a parameter is deprecated. #define GLM_FORCE_RADIANS before including GLM headers to remove this message.
  GLM: perspective function taking degrees as a parameter is deprecated. #define GLM_FORCE_RADIANS before including GLM headers to remove this message.
  GLM: perspectiveFov function taking degrees as a parameter is deprecated. #define GLM_FORCE_RADIANS before including GLM headers to remove this message.
  GLM: infinitePerspective function taking degrees as a parameter is deprecated. #define GLM_FORCE_RADIANS before including GLM headers to remove this message.
  GLM: tweakedInfinitePerspective function taking degrees as a parameter is deprecated. #define GLM_FORCE_RADIANS before including GLM headers to remove this message.
  GLM: rotate function taking degrees as a parameter is deprecated. #define GLM_FORCE_RADIANS before including GLM headers to remove this message.
  GLM: roll function returning degrees is deprecated. #define GLM_FORCE_RADIANS before including GLM headers to remove this message.
  GLM: pitch function returning degrees is deprecated. #define GLM_FORCE_RADIANS before including GLM headers to remove this message.
  GLM: yaw function returning degrees is deprecated. #define GLM_FORCE_RADIANS before including GLM headers to remove this message.
  GLM: angle function returning degrees is deprecated. #define GLM_FORCE_RADIANS before including GLM headers to remove this message.
  GLM: angleAxis function taking degrees as a parameter is deprecated. #define GLM_FORCE_RADIANS before including GLM headers to remove this message.
c:\users\root\source\repos\volumerendering\volumerendering\shader.h(65): warning C4101: 'infoLog': unreferenced local variable
c:\users\root\source\repos\volumerendering\volumerendering\shader.h(64): warning C4101: 'success': unreferenced local variable
c:\users\root\source\repos\volumerendering\volumerendering\main.cpp(89): warning C4018: '<': signed/unsigned mismatch
c:\users\root\source\repos\volumerendering\volumerendering\main.cpp(131): warning C4244: 'initializing': conversion from 'double' to 'float', possible loss of data
c:\users\root\source\repos\volumerendering\volumerendering\main.cpp(142): warning C4018: '<': signed/unsigned mismatch
c:\users\root\source\repos\volumerendering\volumerendering\main.cpp(201): warning C4244: '=': conversion from 'double' to 'float', possible loss of data
c:\users\root\source\repos\volumerendering\volumerendering\main.cpp(202): warning C4244: '=': conversion from 'double' to 'float', possible loss of data
c:\users\root\source\repos\volumerendering\volumerendering\main.cpp(206): warning C4244: 'initializing': conversion from 'double' to 'float', possible loss of data
c:\users\root\source\repos\volumerendering\volumerendering\main.cpp(207): warning C4244: 'initializing': conversion from 'double' to 'float', possible loss of data
c:\users\root\source\repos\volumerendering\volumerendering\main.cpp(209): warning C4244: '=': conversion from 'double' to 'float', possible loss of data
c:\users\root\source\repos\volumerendering\volumerendering\main.cpp(210): warning C4244: '=': conversion from 'double' to 'float', possible loss of data
c:\users\root\source\repos\volumerendering\volumerendering\main.cpp(247): warning C4018: '<': signed/unsigned mismatch
c:\users\root\source\repos\volumerendering\volumerendering\main.cpp(252): warning C4309: '=': truncation of constant value
  GLM: perspective function taking degrees as a parameter is deprecated. #define GLM_FORCE_RADIANS before including GLM headers to remove this message.
  GLM: rotate function taking degrees as a parameter is deprecated. #define GLM_FORCE_RADIANS before including GLM headers to remove this message.
  VolumeRendering.vcxproj -> C:\Users\ROOT\source\repos\VolumeRendering\Debug\VolumeRendering.exe
